<?xml version="1.0" encoding="UTF-8"?>
<!-- Generated by org.testng.reporters.JUnitReportReporter -->
<testsuite hostname="SAROVAR-NOTEBOOK-PRO" failures="0" tests="2" name="day2.DiffWaysToPostReqBoday" time="1.857" errors="0" timestamp="2024-11-24T21:01:36 IST" skipped="0">
  <testcase classname="day2.DiffWaysToPostReqBoday" name="testPostUsingExternalJsonFile" time="1.810"/>
  <testcase classname="day2.DiffWaysToPostReqBoday" name="testDelete" time="0.047"/>
</testsuite> <!-- day2.DiffWaysToPostReqBoday -->
