<?xml version="1.0" encoding="UTF-8"?>
<!-- Generated by org.testng.reporters.JUnitReportReporter -->
<testsuite hostname="SAROVAR-NOTEBOOK-PRO" failures="0" tests="4" name="day1.HTTPRequest" time="6.116" errors="0" timestamp="2024-11-19T16:54:44 IST" skipped="0">
  <testcase classname="day1.HTTPRequest" name="getUser" time="2.674"/>
  <testcase classname="day1.HTTPRequest" name="createUser" time="2.267"/>
  <testcase classname="day1.HTTPRequest" name="updateUser" time="0.505"/>
  <testcase classname="day1.HTTPRequest" name="deleteUser" time="0.670"/>
</testsuite> <!-- day1.HTTPRequest -->
