<?xml version="1.0" encoding="UTF-8"?>
<!-- Generated by org.testng.reporters.JUnitReportReporter -->
<testsuite hostname="SAROVAR-NOTEBOOK-PRO" failures="0" tests="1" name="day3.PathAndQueryParams" time="1.632" errors="0" timestamp="2024-11-24T21:02:29 IST" skipped="0">
  <testcase classname="day3.PathAndQueryParams" name="testPathAndQueryParams" time="1.632"/>
</testsuite> <!-- day3.PathAndQueryParams -->
