<?xml version="1.0" encoding="UTF-8"?>
<!-- Generated by org.testng.reporters.JUnitReportReporter -->
<testsuite hostname="SAROVAR-NOTEBOOK-PRO" failures="0" tests="2" name="day2.DiffWaysToPostReqBoday" time="2.047" errors="0" timestamp="2024-11-19T17:56:44 IST" skipped="0">
  <testcase classname="day2.DiffWaysToPostReqBoday" name="testPostUsingHashMap" time="2.000"/>
  <testcase classname="day2.DiffWaysToPostReqBoday" name="testDelete" time="0.047"/>
</testsuite> <!-- day2.DiffWaysToPostReqBoday -->
